
=== Fri Jan 31 21:55:39 2020

Packages were changed.
Update Mode: updateDependencies

The following packages were updated:
  com.unity.ide.vscode from version 1.1.3 to 1.1.4
  com.unity.test-framework from version 1.1.3 to 1.1.9
  com.unity.timeline from version 1.2.6 to 1.2.10

=== Sun Mar 22 13:28:36 2020

Packages were changed.
Update Mode: updateDependencies

The following packages were updated:
  com.unity.test-framework from version 1.1.9 to 1.1.11

=== Fri Jun 16 18:58:58 2023

Packages were changed.
Update Mode: updateDependencies

The following packages were added:
  com.unity.ide.visualstudio@2.0.18
  com.unity.ai.navigation@1.1.3
The following packages were updated:
  com.unity.collab-proxy from version 1.2.16 to 2.0.4
  com.unity.ide.rider from version 1.1.4 to 3.0.21
  com.unity.ide.vscode from version 1.1.4 to 1.2.5
  com.unity.test-framework from version 1.1.11 to 1.1.33
  com.unity.textmeshpro from version 2.0.1 to 3.0.6
  com.unity.timeline from version 1.2.10 to 1.7.4
